Arguments: 
  /home/lucas/.nvm/versions/node/v10.13.0/bin/node /usr/share/yarn/bin/yarn.js add typescript

PATH: 
  /home/lucas/.nvm/versions/node/v10.13.0/bin:/home/lucas/.local/bin:/usr/local/sbin:/usr/local/bin:/usr/sbin:/usr/bin:/sbin:/bin:/usr/games:/usr/local/games:/snap/bin:/home/lucas/Android/Sdk/emulator:/home/lucas/Android/Sdk/tools:/home/lucas/Android/Sdk/tools/bin:/home/lucas/Android/Sdk/platform-tools:/home/lucas/android-studio/bin:/home/lucas/Android/Sdk/emulator:/home/lucas/Android/Sdk/tools:/home/lucas/Android/Sdk/tools/bin:/home/lucas/Android/Sdk/platform-tools:/home/lucas/android-studio/bin

Yarn version: 
  1.22.5

Node version: 
  10.13.0

Platform: 
  linux x64

Trace: 
  SyntaxError: /home/lucas/Downloads/Projetos/Winnin/api-reddit/package.json: Unexpected token } in JSON at position 506
      at JSON.parse (<anonymous>)
      at /usr/share/yarn/lib/cli.js:1625:59
      at Generator.next (<anonymous>)
      at step (/usr/share/yarn/lib/cli.js:310:30)
      at /usr/share/yarn/lib/cli.js:321:13

npm manifest: 
  {
    "name": "api-reddit",
    "version": "1.0.0",
    "description": "Api coletora de dados específicos do reddit",
    "main": "index.js",
    "repository": "https://github.com/LucasMorais582/api-reddit.git",
    "author": "Lucas <lucasmorais582@gmail.com>",
    "license": "MIT",
  
    "scripts": {
      "build": "tsc",
      "dev:server": "ts-node-dev --inspect --transpileOnly --ignore-watch node_modules src/server.ts",
      "start": "ts-node src/index.ts",
      "typeorm": "ts-node-dev ./node_modules/typeorm/cli.js",
    }
  }

yarn manifest: 
  No manifest

Lockfile: 
  # THIS IS AN AUTOGENERATED FILE. DO NOT EDIT THIS FILE DIRECTLY.
  # yarn lockfile v1
